
    r     b     w      avm    free   re   at    pi   po    fr   de    sr     in   syscalls    cs  us sy id
    2     0     0   128605  650847   12    2     0    0     0    0     0   1019    450   103   0  0 100
    2     0     0   128605  650847   19    1     0    0     0    0     0   1030    660   112   0  0 100
    1     0     0   130850  650725   16    0     0    0     0    0     0   1030    556   109   0  0 100
    1     0     0   130850  650724   12    0     0    0     0    0     0   1028    479   108   0  0 100
    1     0     0   130850  650724    9    0     0    0     0    0     0   1025    447   105   0  1 99
    1     0     0   130850  650724    7    0     0    0     0    0     0   1023    385   103   8  0 92
    1     0     0   130850  650394   21    0     0    0     0    0     0   1022   1014   118   7  2 91
    1     0     0   130850  650864   70    5     0    0     0    0     0   1022   1565   133   0  0 100
    1     0     0   130850  650863   56    4     0    0     0    0     0   1021   1306   127   0  0 100
    1     0     0   130850  650863   60    3     0    0     0    0     0   1021   1671   125  15  0 85
    1     0     0   130850  650533   71    4     0    0     0    0     0   1019   2347   148  18  1 81
    1     0     0   130850  650537  108    9     1    0     0    0     0   1029   3964   198  13  1 86
    3     0     0   118203  650533  112   10     0    0     0    0     0   1036   4230   210  19  3 78
    3     0     0   118203  650533  142   13     0    0     0    0     0   1043   5476   246  14  2 84
    3     0     0   118203  650533  144   14     0    0     0    0     0   1052   5522   253  20  1 79
    3     0     0   118203  650562  173   19     0    0     0    0     0   1056   6561   276  13  1 86
    3     0     0   118203  650533  170   20     0    0     0    0     0   1050   6373   274  20  1 79
    3     0     0   118203  650677  192   20     2    0     0    0     0   1053   7216   295  14  1 85
    3     0     0   118203  650533  179   17     3    0     0    0     0   1056   6981   296  10  1 89
    3     0     0   118203  650864  154   16     2    0     0    0     0   1053   6027   278   0  0 100

    r     b     w      avm    free   re   at    pi   po    fr   de    sr     in   syscalls    cs  us sy id
    3     0     0   118203  650863  124   12     1    0     0    0     0   1046   4846   240   7  0 93
    3     0     0   118203  650533  117    9     0    0     0    0     0   1041   4632   228   4  2 94
    1     0     0   139358  650864  103   10     0    0     0    0     0   1045   4050   214   0  0 100
    1     0     0   139358  650863   82    8     0    0     0    0     0   1039   3272   191   0  0 100
    1     0     0   139358  650863   81    6     0    0     0    0     0   1034   3274   175  14  1 85
    1     0     0   139358  650533   91    8     0    0     0    0     0   1033   3689   193   9  1 90
    1     0     0   139358  650533  151   16     3    0     0    0     0   1057   4605   205   0  2 98
    1     0     0   139358  649386  121   12     2    0     0    0     0   1060   3899   189   0  0 100
    1     0     0   139358  649339  105   11     1    0     0    0     0   1055   3458   175   0  0 100
    1     0     0   139358  649338   84    8     0    0     0    0     0   1052   2898   162   0  0 100
    1     0     0   139358  649338   67    6     0    0     0    0     0   1048   2402   152   9  2 89
    1     0     0   139358  650849   79    5     0    0     0    0     0   1056   3394   186  14  3 83
    1     0     0   152654  650504  114    9     0    0     0    0     0   1212   4707   221  16  1 83
    1     0     0   152654  650533  117   10     0    0     0    0     0   1175   4868   234  17  1 82
    1     0     0   152654  650533  160   18     0    0     0    0     0   1158   6218   265  17  2 81
    1     0     0   152654  650546  154   18     0    0     0    0     0   1127   6049   265  16  4 80
    1     0     0   152654  650533  177   21     0    0     0    0     0   1117   6951   291  17  1 82
    1     0     0   152654  650533  166   28    15    0     0    0     0   1111   6605   289  16  2 82
    1     0     0   152654  650467  194   62    12    0     0    0     0   1118   7810   320  11  3 86
    1     0     0   152654  650546  219   84    10    0     0    0     0   1120   8794   328  12  3 85

    r     b     w      avm    free   re   at    pi   po    fr   de    sr     in   syscalls    cs  us sy id
    1     0     0   152654  650546  243   73     8    0     0    0     0   1143   7921   325   0  1 99
    1     0     0   152654  649809  204   61     6    0     0    0     0   1151   7537   294   0 49 51
    2     0     0   134237  649205  194   50     4    0     0    0     0   1090   7669   275   1 11 88
    2     0     0   134237  649279  155   40     3    0     0    0     0   1072   6362   244   0  0 100
    2     0     0   134237  649405  124   32     2    0     0    0     0   1077   5185   221   0  1 99
    2     0     0   134237  649405  107   26     1    0     0    0     0   1078   5305   205   0  0 100
    2     0     0   134237  650362   86   20     0    0     0    0     0   1067   4269   185   2  1 97
    2     0     0   134237  650362   84   16     0    0     0    0     0   1059   4094   174  18  2 80
    2     0     0   134237  650533  213   22     0    0     0    0     0   1041   4532   197  11  4 85
    2     0     0   134237  650537  343   18     7    0     0    0     0   1323  15016   238  13  4 83
    2     0     0   134237  650533  340   25     5    0     0    0     0   1272  14271   268  14  2 84
    2     0     0   127814  650396  315   26     4    0     0    0     0   1221  13136   275  18  1 81
    2     0     0   127814  650392  284   26     3    0     0    0     0   1186  11750   286  15  2 83
    2     0     0   127814  650723  275   32     2    0     0    0     0   1163  10994   293  12  2 86
    2     0     0   127814  650723  220   25     1    0     0    0     0   1133   8823   254   0  1 99
    2     0     0   127814  650722  176   20     0    0     0    0     0   1115   7083   224   0  0 100
    2     0     0   127814  650722  140   16     0    0     0    0     0   1096   5691   198   0  0 100
    2     0     0   127814  650722  112   12     0    0     0    0     0   1075   4581   177   0  0 100
    2     0     0   127814  650722   95    9     0    0     0    0     0   1064   3724   162   0  0 100
    2     0     0   127814  650392  142   10    75    0     0    0     0   1110   4195   213  19  1 80

    r     b     w      avm    free   re   at    pi   po    fr   de    sr     in   syscalls    cs  us sy id
    2     0     0   127814  648061  114    8    63    0     0    0     0   1109   3771   338  14  0 86
    2     0     0   120732  650722  107    6    50    0     0    0     0   1093   3656   296   6  0 94
    2     0     0   120732  648991  144   24    40    0     0    0     0   1075   3608   300  22  1 77
    2     0     0   120732  650722  115   20    32    0     0    0     0   1066   3296   396   5  1 94
    2     0     0   120732  650722   92   16    25    0     0    0     0   1057   2664   336   0  0 100
    2     0     0   120732  650722   74   12    20    0     0    0     0   1049   2156   289   1  1 98
    2     0     0   120732  650864  112   15    16    0     0    0     0   1064   2479   273   3  0 97
    2     0     0   120732  650864   89   12    12    0     0    0     0   1056   2032   238   0  0 100
    2     0     0   120732  650863   71    9     9    0     0    0     0   1048   1652   209   0  0 100
    2     0     0   120732  650863   57    7     7    0     0    0     0   1042   1350   186   0  0 100
    2     0     0   120732  650863   46    5     5    0     0    0     0   1038   1107   172   0  0 100
    1     0     0   109752  650863   36    4     4    0     0    0     0   1033    933   157   0  0 100
    1     0     0   109752  650863   29    3     3    0     0    0     0   1032    779   146   0  1 99
    1     0     0   109752  650863   23    2     2    0     0    0     0   1043    687   140   0  1 99
    1     0     0   109752  650533   61    4     1    0     0    0     0   1042   2193   166  17  1 82
    1     0     0   109752  650677   75    6     0    0     0    0     0   1037   2826   190  16  2 82
    1     0     0   109752  650677   87    6     0    0     0    0     0   1560   3757   266  14  2 84
    1     0     0   109752  650533  107   10     0    0     0    0     0   1456   4461   287  16  0 84
    1     0     0   109752  650537  128   11     0    0     0    0     0   1375   5284   287  18  1 81
    1     0     0   109752  650533  136   14     0    0     0    0     0   1307   5625   299  14  4 82

    r     b     w      avm    free   re   at    pi   po    fr   de    sr     in   syscalls    cs  us sy id
    1     0     0   109752  650533  295   30    60    0     0    0     0   1565   8935   467  12  3 85
    1     0     0   191816  650533  263   26    48    0     0    0     0   1450   8222   429  15  1 84
    1     0     0   191816  650585  276   31    43    0     0    0     0   1377   9555   428  16  2 82
    1     0     0   191816  650533  263   28    34    0     0    0     0   1306   9343   394  17  1 82
    1     0     0   191816  650529  269   30    28    0     0    0     0   1255  10029   377  12  1 87
    1     0     0   191816  650860  226   27    22    0     0    0     0   1222   8482   346   0  0 100
    1     0     0   191816  650748  247   31    17    0     0    0     0   1184   9131   332  13  3 84
    1     0     0   191816  649260  377   71    13    0     0    0     0   1133  11400   385  26 10 64
    1     0     0   191816  650700  302   57    10    0     0    0     0   1357   9997   340   0  0 100
    1     0     0   191816  650608  273   53    11    0     0    0     0   1302   9044   306  12  2 86
    1     0     0   191816  650374  242   54     8    0     0    0     0   1301   8374   324  16  3 81
    1     0     0   192947  650340  217   55     6    0     0    0     0   1247   7830   327  16  1 83
    1     0     0   192947  649816  224   70     4    0     0    0     0   1212   8306   342  19  1 80
    1     0     0   192947  650667  203   70     3    0     0    0     0   1179   7903   330  17  2 81
    1     0     0   192947  650667  187   67     2    0     0    0     0   1149   7450   313   6  1 93
    1     0     0   192947  650667  165   58     1    0     0    0     0   1122   6309   277   0  1 99
    1     0     0   192947  650666  132   46     0    0     0    0     0   1101   5075   241   0  0 100
    1     0     0   192947  650666  122   36     0    0     0    0     0   1086   4712   218  10  1 89
    1     0     0   192947  650332  124   32     0    0     0    0     0   1070   5068   226  13  1 86
    1     0     0   192947  650345  132   31     0    0     0    0     0   1069   5504   252  11  0 89

    r     b     w      avm    free   re   at    pi   po    fr   de    sr     in   syscalls    cs  us sy id
    1     0     0   192947  650345  128   26     0    0     0    0     0   1059   5358   251  21  2 77
    1     2     0   132798  648299  154   39     0    0     0    0     0   1040   4788   272  12  1 87
    1     2     0   132798  650662  123   31     0    0     0    0     0   1037   3863   240   9  1 90
    1     2     0   132798  650663  147   29     0    0     0    0     0   1052   5025   256  13  2 85
    1     2     0   132798  650332  151   27     0    0     0    0     0   1042   5315   262  16  1 83
    1     2     0   132798  650034  183   40    18    0     0    0     0   1062   6434   301  17  0 83
    1     2     0   132798  650332  170   39    14    0     0    0     0   1055   6288   299  13  2 85
    1     2     0   132798  650332  165   35    11    0     0    0     0   1043   6112   292  18  1 81
    1     2     0   132798  650663  187   35     8    0     0    0     0   1054   6983   307  14  2 84
    1     2     0   132798  650332  174   37     6    0     0    0     0   1048   6992   373  15  0 85
    1     2     0   132798  650332  173   48     4    0     0    0     0   1046   7500   375  13  3 84
    2     1     0   139655  650077  147   40     3    0     0    0     0   1206   6363   634   2  0 98
    2     1     0   139655  649920  117   32     2    0     0    0     0   1174   5130   556   0  0 100
    2     1     0   139655  649929   94   25     1    0     0    0     0   1143   4171   485   1  2 97
    2     1     0   139655  649923  136  114    12    0     0    0     0   1134   5930   628  18  1 81
    2     1     0   139655  650191  144   99     9    0     0    0     0   1122   6073   577  18  2 80
    2     1     0   139655  650191  178   96     7    0     0    0     0   1109   6928   537  12  3 85
    2     1     0   139655  650191  179   85     5    0     0    0     0   1084   6859   495  18  1 81
    2     1     0   139655  650191  195   84     4    0     0    0     0   1084   7168   483  15  2 83
    2     1     0   139655  650191  202   76     3    0     0    0     0   1072   7483   453  15  1 84

    r     b     w      avm    free   re   at    pi   po    fr   de    sr     in   syscalls    cs  us sy id
    2     1     0   139655  650191  195   69     2    0     0    0     0   1059   7151   427  19  1 80
    1     1     0   141339  650191  222   72     1    0     0    0     0   1072   8113   452  13  2 85
    1     1     0   141339  650195  204   69     0    0     0    0     0   1061   7609   425  16  1 83
    1     1     0   141339  650191  190   67     0    0     0    0     0   1055   7228   400  17  1 82
    1     1     0   141339  650204  206   79     0    0     0    0     0   1060   8079   428  14  2 84
    1     1     0   141339  650191  189   74     0    0     0    0     0   1051   7658   429  22  3 75
    1     1     0   141339  649612  237   88     0    0     0    0     0   1057   8440   476  14  1 85
    1     1     0   141339  650332  230   82     0    0     0    0     0   1048   8486   450  16  1 83
    1     1     0   141339  650476  208   77     0    0     0    0     0   1038   7992   445  17  2 81
    1     1     0   141339  650332  202   85     0    0     0    0     0   1045   8078   469  13  1 86
    1     1     0   141339  650663  204   80     0    0     0    0     0   1040   8164   440  18  2 80
    1     0     0   148694  650332  190   76     0    0     0    0     0   1037   7654   411  16  1 83
    1     0     0   148694  650663  204   85     0    0     0    0     0   1042   8292   416  14  2 84
    1     0     0   148694  650332  189   80     0    0     0    0     0   1053   7783   398  18  1 81
    1     0     0   148694  650332  178   76     0    0     0    0     0   1049   7327   376  13  2 85
    1     0     0   148694  650396  195   85     0    0     0    0     0   1053   8026   391  16  1 83
    1     0     0   148694  650332  182   80     0    0     0    0     0   1046   7530   371  18  1 81
    1     0     0   148694  650332  174   76     0    0     0    0     0   1047   7320   376  13  2 85
    1     0     0   148694  650336  190   85     0    0     0    0     0   1050   7830   369  16  3 81
    1     0     0   148694  650332  178   80     0    0     0    0     0   1041   7367   353  17  1 82

    r     b     w      avm    free   re   at    pi   po    fr   de    sr     in   syscalls    cs  us sy id
    1     0     0   148694  650336  179   88     0    0     0    0     0   1047   7465   366  13  2 85
    2     0     0   138387  650332  186   82     0    0     0    0     0   1044   7679   356  19  1 80
    2     0     0   138387  650345  175   78     0    0     0    0     0   1036   7246   343  14  1 85
    2     0     0   138387  650332  177   87     0    0     0    0     0   1042   7412   363  16  1 83
    2     0     0   138387  650332  172   77     0    0     0    0     0   1039   7193   341  18  0 82
    2     0     0   138387  650663  175   86     0    0     0    0     0   1042   7325   353  14  2 84
    2     0     0   138387  650663  182   81     0    0     0    0     0   1038   7565   346  17  1 82
    2     0     0   138387  650332  172   77     0    0     0    0     0   1033   7156   335  16  1 83
    2     0     0   138387  650523  190   86     0    0     0    0     0   1038   7890   360  14  2 84
    2     0     0   138387  650332  179   81     0    0     0    0     0   1037   7439   351  18  2 80
    2     0     0   139541  650241  251   68    59    0     0    0     0   1060   8422   353  20  1 79
    2     0     0   139541  650307  247   71    50    0     0    0     0   1051   9011   388  15  2 83
    2     0     0   139541  650303  222   68    40    0     0    0     0   1049   8396   375  18  1 81
    2     0     0   139541  650340  202   65    32    0     0    0     0   1048   7818   356  15  2 83
    2     0     0   139541  650332  234   71    25    0     0    0     0   1050   7930   372  18  2 80
    2     0     0   139541  650345  267   68    20    0     0    0     0   1037   9486   378  20  2 78
    2     0     0   139541  650332  240   67    16    0     0    0     0   1035   8732   364  16  1 83
    2     0     0   139541  650663  317   71    12    0     0    0     0   1033  10675   394  20  1 79
    2     0     0   139541  650332  281   69     9    0     0    0     0   1032   9659   377  17  2 81
    2     0     0   139541  650332  335   72     7    0     0    0     0   1026  10822   399  18  3 79

    r     b     w      avm    free   re   at    pi   po    fr   de    sr     in   syscalls    cs  us sy id
    3     0     0   127517  650663  317   66     5    0     0    0     0   1024  10455   392  18  1 81
    3     0     0   127517  650340  280   65     4    0     0    0     0   1038   9496   379  15  1 84
    3     0     0   127517  650250  264   78     3    0     0    0     0   1063   9260   395  13  2 85
    3     0     0   127517  650344  253   75     2    0     0    0     0   1058   9104   379  17  3 80
    3     0     0   127517  650340  229   72     1    0     0    0     0   1050   8383   369  15  1 84
    3     0     0   127517  650344  236   82     0    0     0    0     0   1053   8863   380  15  2 83
    3     0     0   127517  650340  215   77     0    0     0    0     0   1046   8195   369  18  1 81
    3     0     0   127517  650344  201   74     0    0     0    0     0   1052   7893   372  12  3 85
    3     0     0   127517  650340  244   78     0    0     0    0     0   1039   7719   358  20  1 79
    3     0     0   127517  650212  269   74     0    0     0    0     0   1027   9438   368  18  2 80
    3     0     0   141455  650199  255   87     0    0     0    0     0   1039   9596   375  15  2 83
    3     0     0   141455  650212  245   80     0    0     0    0     0   1035   9349   361  17  1 82
    3     0     0   141455  650199  222   75     0    0     0    0     0   1030   8617   346  16  4 80
    3     0     0   141455  650359  388  118     0    0     0    0     0   1034  13155   425  18  4 78
    3     0     0   141455  650359  339  103     0    0     0    0     0   1058  11738   396  18  2 80
    3     0     0   141455  650028  297   97     0    0     0    0     0   1093  10436   388  11  1 88
    3     0     0   141455  650359  275   91    31    0     0    0     0   1120   9874   399  13  1 86
    3     0     0   141455  650032  250   84    24    0     0    0     0   1100   9010   369  10  1 89
    3     0     0   141455  650036  246   79    19    0     0    0     0   1096   8911   355  17  1 82
    3     0     0   141455  650028  229   66    41    0     0    0     0   1098   8354   346  16  1 83

    r     b     w      avm    free   re   at    pi   po    fr   de    sr     in   syscalls    cs  us sy id
    2     0     0   148567  650177  207   64    32    0     0    0     0   1085   7773   338  12  2 86
    2     0     0   148567  650028  215   74    25    0     0    0     0   1092   8507   395  18  1 81
    2     0     0   148567  650359  197   70    20    0     0    0     0   1075   8028   401  16  1 83
    2     0     0   148567  650199  185   68    16    0     0    0     0   1063   7619   376  13  2 85
    2     0     0   148567  650341  256   67    12    0     0    0     0   1063   8960   412  22  2 76
    2     0     0   148567  650344  243   67     9    0     0    0     0   1054   8434   394  16  3 81
    2     0     0   148567  650340  224   56     7    0     0    0     0   1062   8092   384  15  1 84
    2     0     0   148567  650671  238   68     5    0     0    0     0   1061   8401   372  17  2 81
    2     0     0   148567  650340  217   65     4    0     0    0     0   1052   7801   354  16  1 83
    2     0     0   148567  650340  206   65     3    0     0    0     0   1045   7485   361  13  1 86
    1     0     0   157685  650340  217   58     2    0     0    0     0   1051   8102   367  19  1 80
    1     0     0   157685  650340  198   57     1    0     0    0     0   1046   7542   350  16  2 82
    1     0     0   157685  650250  217   77     0    0     0    0     0   1058   7957   389  15  1 84
    1     0     0   157685  650344  217   73     0    0     0    0     0   1056   8154   390  18  1 81
    1     0     0   157685  650340  245   60     0    0     0    0     0   1043   7339   357  18  0 82
    1     0     0   157685  650340  247   66     0    0     0    0     0   1043   7647   347  18  2 80
    1     0     0   157685  650671  234   70     0    0     0    0     0   1044   7295   334  13  3 84
    1     0     0   157685  650340  248   77     0    0     0    0     0   1052   7844   343  16  1 83
    1     0     0   157685  650328  225   65     0    0     0    0     0   1046   7530   331  17  1 82
    1     0     0   157685  650340  221   57     0    0     0    0     0   1045   7348   328  13  3 84

    r     b     w      avm    free   re   at    pi   po    fr   de    sr     in   syscalls    cs  us sy id
    2     0     0   149281  650261  230   59     8    0     0    0     0   1058   8003   351  18  0 82
    2     0     0   149281  650344  211   58     6    0     0    0     0   1065   7595   363  14  2 84
    2     0     0   149281  650340  197   58     4    0     0    0     0   1076   7409   375  13  1 86
    2     0     0   149281  650353  210   69     3    0     0    0     0   1084   8123   411  19  1 80
    2     0     0   149281  650353  195   66     2    0     0    0     0   1077   7678   398  13  2 85
    2     0     0   149281  650340  185   64     1    0     0    0     0   1069   7420   396  15  2 83
    2     0     0   149281  650484  200   74     0    0     0    0     0   1071   8148   419  18  1 81
    2     0     0   149281  650340  187   70     0    0     0    0     0   1059   7693   404  12  2 86
    2     0     0   149281  650671  188   79     0    0     0    0     0   1088   7879   450  17  1 82
    2     0     0   149281  650340  194   74     0    0     0    0     0   1094   8079   439  16  2 82
    2     0     0   131441  650250  183   70     0    0     0    0     0   1090   7644   431  12  3 85
    2     0     0   131441  650325  184   79     0    0     0    0     0   1126   7860   483  16  2 82
    2     0     0   131441  650310  190   74     0    0     0    0     0   1124   8105   468  17  0 83
    2     0     0   131441  650348  179   70     0    0     0    0     0   1121   7691   452  12  3 85
    2     0     0   131441  650340  181   78     0    0     0    0     0   1128   7786   473  15  1 84
    2     0     0   131441  650671  187   75     0    0     0    0     0   1128   8099   477  17  1 82
    2     0     0   131441  650340  177   71     0    0     0    0     0   1125   7694   460  12  2 86
    2     0     0   131441  650340  169   68     0    0     0    0     0   1106   7332   443  16  1 83
    2     0     0   131441  650671  189   77     0    0     0    0     0   1102   8170   473  17  0 83
    2     0     0   131441  650340  178   73     0    0     0    0     0   1097   7719   460  12  3 85

    r     b     w      avm    free   re   at    pi   po    fr   de    sr     in   syscalls    cs  us sy id
    2     0     0   123623  650340  171   70     0    0     0    0     0   1104   7604   463  18  1 81
    2     0     0   123623  650344  188   79     0    0     0    0     0   1129   8181   481  15  2 83
    2     0     0   123623  650340  178   74     0    0     0    0     0   1126   7770   468  12  1 87
    2     0     0   123623  650009  154   69     0    0     0    0     0   1112   6690   427   4  0 96
    2     0     0   123623  650340  150   68     0    0     0    0     0   1113   6627   426  18  2 80
    2     0     0   123623  650404  162   66     0    0     0    0     0   1095   7083   413  12  2 86
    2     0     0   123623  650344  157   64     0    0     0    0     0   1077   6842   403  15  2 83
    2     0     0   123623  650340  164   74     0    0     0    0     0   1114   7202   450  17  1 82
    2     0     0   123623  650471  174   70     0    0     0    0     0   1114   7539   444  13  2 85
    2     0     0   123623  650199  174   68     0    0     0    0     0   1101   7940   438  17  2 81
    2     0     0   138757  650199  178   77     0    0     0    0     0   1124   8086   478  16  1 83
    2     0     0   138757  650530  185   73     0    0     0    0     0   1122   8245   461  13  3 84
    2     0     0   138757  650199  175   70     0    0     0    0     0   1116   7813   445  15  1 84
    2     0     0   138757  650104  178   79     0    0     0    0     0   1133   7977   484  18  0 82
    2     0     0   138757  650203  186   74     0    0     0    0     0   1136   8157   465  12  3 85
    2     0     0   138757  650199  176   70     0    0     0    0     0   1127   7710   450  16  1 83
    2     0     0   138757  650212  183   79     0    0     0    0     0   1148   8069   493  17  1 82
    2     0     0   138757  650199  190   74     0    0     0    0     0   1143   8229   473  12  2 86
    2     0     0   138757  650530  179   70     0    0     0    0     0   1131   7769   459  17  0 83
    2     0     0   138757  650199  181   79     0    0     0    0     0   1148   7941   491  15  2 83

    r     b     w      avm    free   re   at    pi   po    fr   de    sr     in   syscalls    cs  us sy id
    2     0     0   141201  650112  188   74     0    0     0    0     0   1136   8132   470  13  1 86
    2     0     0   141201  650203  178   70     0    0     0    0     0   1118   7698   459  17  2 81
    2     0     0   141201  650199  180   78     0    0     0    0     0   1130   7830   486  15  2 83
    2     0     0   141201  650207  187   75     0    0     0    0     0   1127   8136   489  15  2 83
    2     0     0   141201  650207  229   77     0    0     0    0     0   1120   8411   496  19  2 79
    2     0     0   141201  650341  222   83     0    0     0    0     0   1127   8356   501  15  2 83
    2     0     0   141201  650501  220   79     0    0     0    0     0   1136   8588   498  12  2 86
    2     0     0   141201  650340  203   74     0    0     0    0     0   1127   8049   477  17  1 82
    2     0     0   141201  650671  200   81     0    0     0    0     0   1137   8062   493  15  1 84
    1     0     0   128712  650340  215   75     0    0     0    0     0   1132   8394   474  12  1 87
    1     0     0   128712  650340  212   71     0    0     0    0     0   1109   8017   447  16  1 83
    1     0     0   128712  650671  196   68     0    0     0    0     0   1093   7520   416  18  2 80
    1     0     0   128712  650340  193   79     0    0     0    0     0   1099   7627   420  13  2 85
    1     0     0   128712  650671  197   75     0    0     0    0     0   1079   7802   400  18  1 81
    1     0     0   128712  650340  184   72     0    0     0    0     0   1066   7350   381  16  1 83
    1     0     0   128712  649675  230   90     0    0     0    0     0   1068   8459   398  13  2 85
    1     0     0   128712  650344  213   86     0    0     0    0     0   1055   7928   379  19  1 80
    1     0     0   128712  650344  211   82     0    0     0    0     0   1041   7824   367  16  2 82
    1     0     0   128712  650340  235   94     0    0     0    0     0   1044   8546   388  13  1 86
    2     0     0   152117  650348  231   91     0    0     0    0     0   1039   8247   374  18  0 82

    r     b     w      avm    free   re   at    pi   po    fr   de    sr     in   syscalls    cs  us sy id
    2     0     0   152117  650340  215   86     0    0     0    0     0   1034   7752   356  17  2 81
    2     0     0   152117  650658  223   93     0    0     0    0     0   1038   7887   368  13  2 85
    2     0     0   152117  650340  219   90     0    0     0    0     0   1037   8132   359  19  2 79
    2     0     0   152117  649631  218   88     0    0     0    0     0   1032   7830   351  14  0 86
    2     0     0   152117  650353  204   84     0    0     0    0     0   1038   7415   336  14  3 83
    2     0     0   152117  650340  215   91     0    0     0    0     0   1044   8102   358  16  1 83
    2     0     0   152117  650624  198   85     0    0     0    0     0   1039   7598   360  17  1 82
    2     0     0   152117  650340  185   80     0    0     0    0     0   1029   7179   348  14  1 85
    2     0     0   152117  649761  214   92     0    0     0    0     0   1039   8100   372  17  1 82
    2     0     0   161515  650340  214   90     0    0     0    0     0   1031   7814   357  16  1 83
    2     0     0   161515  650340  201   86     0    0     0    0     0   1030   7405   343  13  3 84
    2     0     0   161515  650344  226   79     0    0     0    0     0   1038   7877   359  18  1 81
    2     0     0   161515  650311  227   75     0    0     0    0     0   1040   7896   371  16  2 82
    2     0     0   161515  650625  240   81     0    0     0    0     0   1050   8347   391  13  2 85
    2     0     0   161515  650344  218   77     0    0     0    0     0   1047   7787   372  17  1 82
    2     0     0   161515  649648  214   78     0    0     0    0     0   1043   7545   358  17  1 82
    2     0     0   161515  650348  228   92     0    0     0    0     0   1038   7879   379  13  3 84
    2     0     0   161515  650344  230   82     0    0     0    0     0   1036   8041   370  15  2 83
    2     0     0   161515  650357  222   75     0    0     0    0     0   1030   7649   353  18  1 81
    2     0     0   141899  650340  234   79     0    0     0    0     0   1038   7884   374  13  1 86

    r     b     w      avm    free   re   at    pi   po    fr   de    sr     in   syscalls    cs  us sy id
    2     0     0   141899  650353  242   72     0    0     0    0     0   1036   8127   367  18  2 80
    2     0     0   141899  650340  234   68     0    0     0    0     0   1040   7781   361  15  1 84
    2     0     0   141899  650501  258   72     0    0     0    0     0   1053   8537   380  15  1 84
    2     0     0   141899  650501  246   68     0    0     0    0     0   1043   8068   365  18  1 81
    2     0     0   141899  650340  230   62     0    0     0    0     0   1040   7629   355  13  1 86
    2     0     0   141899  650671  262   70     0    0     0    0     0   1046   8486   374  15  2 83
    2     0     0   141899  650340  242   64     0    0     0    0     0   1036   7937   358  17  2 81
    2     0     0   141899  650340  232   60     0    0     0    0     0   1037   7587   349  13  1 86
    2     0     0   141899  650344  267   67     0    0     0    0     0   1065  10351   386  19  3 78
    1     0     0   139907  650199  252   63     0    0     0    0     0   1053   9506   371  18  0 82
    1     0     0   139907  650212  241   61     0    0     0    0     0   1046   8834   355  12  3 85
    1     0     0   139907  650199  261   78     0    0     0    0     0   1052   9452   377  16  0 84
    1     0     0   139907  650530  243   77     0    0     0    0     0   1044   8759   361  18  1 81
    1     0     0   139907  650199  228   76     0    0     0    0     0   1045   8195   343  14  2 84
    1     0     0   139907  650199  235   90     0    0     0    0     0   1049   8310   361  14  0 86
    1     0     0   139907  650212  237   87     0    0     0    0     0   1048   8438   349  17  1 82
    1     0     0   139907  650199  224   84     0    0     0    0     0   1040   7941   335  16  2 82
    1     0     0   139907  650199  214   82     0    0     0    0     0   1038   7667   342  13  0 87
    1     0     0   139907  650530  204   80     0    0     0    0     0   1037   7205   321   9  1 90
    2     0     0   132123  650199  191   73     0    0     0    0     0   1060   6860   322  13  2 85

    r     b     w      avm    free   re   at    pi   po    fr   de    sr     in   syscalls    cs  us sy id
    2     0     0   132123  650263  194   81     0    0     0    0     0   1073   7039   346  14  0 86
    2     0     0   132123  650203  198   69     0    0     0    0     0   1062  12937   340  16  5 79
    2     0     0   132123  648024  329   56     0    0     0    0     0   1218  17005   319   3  1 96
    2     0     0   132123  650529  316   50     0    0     0    0     0   1176  14195   287   5  0 95
    2     0     0   132123  650671  253   40     0    0     0    0     0   1143  11549   260   0  1 99
    2     0     0   132123  650670  202   32     0    0     0    0     0   1119   9291   227   0  0 100
    2     0     0   132123  650670  162   25     0    0     0    0     0   1099   7462   202   0  1 99
    2     0     0   132123  650670  129   20     0    0     0    0     0   1083   5994   184   0  0 100
    2     0     0   132123  650670  103   16     0    0     0    0     0   1070   4823   166   0  0 100
    1     0     0   124013  650670   83   12     0    0     0    0     0   1060   3908   153   0  0 100
    1     0     0   124013  650670   67    9     0    0     0    0     0   1056   3152   142   0  0 100
    1     0     0   124013  650670   53    7     0    0     0    0     0   1055   2587   137   0  0 100
    1     0     0   124013  650670   43    5     0    0     0    0     0   1048   2096   131   0  1 99
    1     0     0   124013  650670   34    4     0    0     0    0     0   1042   1704   124   0  0 100
    1     0     0   124013  650670   27    3     0    0     0    0     0   1038   1392   118   0  0 100
    1     0     0   124013  650670   37    2     0    0     0    0     0   1028   1864   124  15  2 83
    1     0     0   124013  650344   98   30     0    0     0    0     0   1038   3384   203  18  1 81
    1     0     0   124013  650340  114   38     0    0     0    0     0   1034   4500   232  12  2 86
    1     0     0   124013  650348  126   44     0    0     0    0     0   1028   4926   276  12  2 86
    1     0     0   137578  650484  136   49     0    0     0    0     0   1031   5270   302  12  1 87

    r     b     w      avm    free   re   at    pi   po    fr   de    sr     in   syscalls    cs  us sy id
    1     0     0   137578  650340  140   51     0    0     0    0     0   1033   5476   315  10  1 89
    1     0     0   137578  650607  139   53     0    0     0    0     0   1036   5435   297  12  0 88
    1     0     0   137578  650671  124   46     0    0     0    0     0   1037   4846   281   0  1 99
    1     0     0   137578  650670  100   36     0    0     0    0     0   1040   3904   243   0  0 100
    1     0     0   137578  650670   96   28     0    0     0    0     0   1035   3756   221  11  1 88
    1     0     0   137578  650340   97   27     0    0     0    0     0   1037   3743   225   6  0 94
    1     0     0   137578  650671  124   26     0    0     0    0     0   1031   8388   230  16  5 79
    1     0     0   137578  648469  286   21     0    0     0    0     0   1029  15974   215  12  0 88
    1     0     0   137578  650340  252   19    20    0     0    0     0   1047  13826   230  11  1 88
    3     0     0   135591  650671  225   23    16    0     0    0     0   1043  12140   234  13  5 82
    3     0     0   135591  650663  208   35    12    0     0    0     0   1037  10800   242  18  0 82
    3     0     0   135591  650340  224   50     9    0     0    0     0   1048  10933   285  17  2 82
    3     0     0   135591  650641  209   45     7    0     0    0     0   1033   9965   305  14  1 85
    3     0     0   135591  650310  196   52     5    0     0    0     0   1033   9066   303   9  0 91
    3     0     0   135591  650288  186   47     4    0     0    0     0   1050   8460   327  12  2 86
    3     0     0   135591  650340  176   47     3    0     0    0     0   1080   7916   326  17  1 82
    3     0     0   135591  650122  181   63     2    0     0    0     0   1081   7984   362  16  0 84
    3     0     0   135591  650122  187   62     1    0     0    0     0   1071   8087   353  13  2 85
    3     0     0   135591  650340  162   62     0    0     0    0     0   1059   7005   335   9  0 91
    1     0     0   128217  650671  155   60     0    0     0    0     0   1054   6775   342  12  2 86

    r     b     w      avm    free   re   at    pi   po    fr   de    sr     in   syscalls    cs  us sy id
    1     0     0   128217  650671  174   55     0    0     0    0     0   1057   7256   339  12  3 85
    1     0     0   128217  650340  169   49     0    0     0    0     0   1055   7067   343  17  1 82
    1     0     0   128217  650671  177   48     0    0     0    0     0   1053   7192   353  16  1 83
    1     0     0   128217  650340  197   49     0    0     0    0     0   1053   7736   356  14  2 84
    1     0     0   128217  650671  187   45     0    0     0    0     0   1044   7400   349  18  1 81
    1     0     0   128217  650340  197   48     0    0     0    0     0   1043   7607   370  13  2 85
    1     0     0   128217  650671  207   45     0    0     0    0     0   1037   7863   355  17  1 82
    1     0     0   128217  650340  195   41     0    0     0    0     0   1032   7429   346  18  1 81
    1     0     0   138599  650143  219   45     0    0     0    0     0   1041   8647   365  12  3 85
    1     0     0   138599  650199  218   43     0    0     0    0     0   1035   8281   354  19  0 81
    1     0     0   138599  650108  206   40     0    0     0    0     0   1040   7967   357  15  1 84
    1     0     0   138599  650108  226   44     0    0     0    0     0   1043   8493   360  14  0 86
    1     0     0   138599  650199  215   42     0    0     0    0     0   1038   7970   351   8  2 90
    1     0     0   138599  650199  201   39     0    0     0    0     0   1049   7504   331  14  2 84
    1     0     0   138599  650199  189   44     0    0     0    0     0   1042   7214   341  19  1 80
    1     0     0   138599  650530  204   63     0    0     0    0     0   1049   7715   379  13  2 85
    1     0     0   138599  650199  211   64     0    0     0    0     0   1048   8020   386  17  1 82
    1     0     0   138599  650530  201   65     0    0     0    0     0   1039   7621   379  16  3 81
    1     0     0   138083  650199  209   80     0    0     0    0     0   1044   7940   415  13  2 85
    1     0     0   138083  650142  215   78     0    0     0    0     0   1039   8151   403  18  1 81

    r     b     w      avm    free   re   at    pi   po    fr   de    sr     in   syscalls    cs  us sy id
    1     0     0   138083  650199  204   76     0    0     0    0     0   1032   7721   387  15  3 82
    1     0     0   138083  650199  228   88     0    0     0    0     0   1042   8724   445  15  1 84
    1     0     0   138083  650203  215   84     0    0     0    0     0   1041   8307   451  18  2 80
    1     0     0   138083  650199  204   81     0    0     0    0     0   1038   7892   435  18  1 81
    1     0     0   138083  650199  280   96     0    0     0    0     0   1045   9609   525  11  2 87
    1     0     0   138083  650344  240   90     0    0     0    0     0   1040   8365   490   0  0 100
    1     0     0   138083  650671  192   72     0    0     0    0     0   1036   6720   412   0  0 100
    1     0     0   138083  650670  170   57     0    0     0    0     0   1033   5994   354  11  1 88
    1     0     0   127888  650340  148   48     0    0     0    0     0   1033   5282   330  15  1 84
    1     0     0   127888  650340  158   41     0    0     0    0     0   1035   5881   317   7  2 91
    1     0     0   127888  650671  142   37     0    0     0    0     0   1044   5269   311   0  0 100
    1     0     0   127888  650670   91   23     0    0     0    0     0   1040   3443   237   0  0 100
    1     0     0   127888  650670   73   18     0    0     0    0     0   1036   2783   208   0  0 100
    1     0     0   127888  650670   58   14     0    0     0    0     0   1032   2255   185   0  0 100
    1     0     0   127888  650670   46   11     0    0     0    0     0   1029   1834   169   0  0 100
    1     0     0   127888  650670   37    8     0    0     0    0     0   1026   1494   154   0  0 100
    1     0     0   127888  650670   30    6     0    0     0    0     0   1024   1220   143   0  1 99
    1     0     0   127888  650670   24    4     0    0     0    0     0   1022   1004   135   0  0 100
    1     0     0   137920  650670   19    3     0    0     0    0     0   1021    831   128   0  0 100
    1     0     0   137920  650670   15    2     0    0     0    0     0   1020    690   121   0  0 100

    r     b     w      avm    free   re   at    pi   po    fr   de    sr     in   syscalls    cs  us sy id
    1     0     0   137920  650670   12    1     0    0     0    0     0   1020    620   117   0  0 100
    1     0     0   137920  650670   10    0     0    0     0    0     0   1021    530   113   0  0 100
    1     0     0   137920  650670    8    0     0    0     0    0     0   1026    450   108   0  0 100
